{"name": "Checking the number of main menu items", "status": "failed", "statusDetails": {"message": "AssertionError: Locator expected to have count '5'\nActual value: 1 \nCall log:\nLocatorAssertions.to_have_count with timeout 5000ms\n  - waiting for locator(\"//div[@class=\\\"list-group list-group-flush\\\"]\")\n  -   locator resolved to 1 element\n  -   unexpected value \"1\"\n  -   locator resolved to 1 element\n  -   unexpected value \"1\"\n  -   locator resolved to 1 element\n  -   unexpected value \"1\"\n  -   locator resolved to 1 element\n  -   unexpected value \"1\"\n  -   locator resolved to 1 element\n  -   unexpected value \"1\"\n  -   locator resolved to 1 element\n  -   unexpected value \"1\"\n  -   locator resolved to 1 element\n  -   unexpected value \"1\"\n  -   locator resolved to 1 element\n  -   unexpected value \"1\"", "trace": "page = <Page url='https://zimaev.github.io/pom/dashboard.html'>\n\n    @allure.severity(allure.severity_level.NORMAL)\n    @allure.feature(\"Dashbord page\")\n    @allure.title(\"Checking the number of main menu items\")\n    \n    def test_main_menu(page):\n        dash_page = LoginPage(page)\n        dash_page.goto_login_page()\n        dash_page.login(\"admin\", \"admin\")\n        dash_page = DashboardPage(page)\n        print(dash_page.count_items('//div[@class=\"list-group list-group-flush\"]'))\n>       dash_page.check_number_of_menu_elem()\n\ntest_dashbord_page.py:19: \n_ _ _ _ _ _ _ _ _ _ _ _ _ _ _ _ _ _ _ _ _ _ _ _ _ _ _ _ _ _ _ _ _ _ _ _ _ _ _ _ _ _ _ _ _\n\nself = <pages.dashboard_page.DashboardPage object at 0x7fc459668910>\n\n    def check_number_of_menu_elem(self):\n>       expect(self.main_menu).to_have_count(5)\nE       AssertionError: Locator expected to have count '5'\nE       Actual value: 1 \nE       Call log:\nE       LocatorAssertions.to_have_count with timeout 5000ms\nE         - waiting for locator(\"//div[@class=\\\"list-group list-group-flush\\\"]\")\nE         -   locator resolved to 1 element\nE         -   unexpected value \"1\"\nE         -   locator resolved to 1 element\nE         -   unexpected value \"1\"\nE         -   locator resolved to 1 element\nE         -   unexpected value \"1\"\nE         -   locator resolved to 1 element\nE         -   unexpected value \"1\"\nE         -   locator resolved to 1 element\nE         -   unexpected value \"1\"\nE         -   locator resolved to 1 element\nE         -   unexpected value \"1\"\nE         -   locator resolved to 1 element\nE         -   unexpected value \"1\"\nE         -   locator resolved to 1 element\nE         -   unexpected value \"1\"\n\n../pages/dashboard_page.py:18: AssertionError"}, "parameters": [{"name": "browser_name", "value": "'chromium'"}], "start": 1721167905060, "stop": 1721167910730, "uuid": "61d2eb48-0f7f-4079-ac31-a401be87728b", "historyId": "321b63ac9bc4e68e3a62d26704f786dc", "testCaseId": "858e0530d952b93d85b1417b6126be3b", "fullName": "tests.test_dashbord_page#test_main_menu", "labels": [{"name": "feature", "value": "Dashbord page"}, {"name": "severity", "value": "normal"}, {"name": "parentSuite", "value": "tests"}, {"name": "suite", "value": "test_dashbord_page"}, {"name": "host", "value": "Air-Mihail.attlocal.net"}, {"name": "thread", "value": "19625-MainThread"}, {"name": "framework", "value": "pytest"}, {"name": "language", "value": "cpython3"}, {"name": "package", "value": "tests.test_dashbord_page"}]}